{"level":"info","message":"Experiment Starts!!!!","timestamp":"2015-09-07T10:05:43.763Z"}
{"location":"location15","level":"info","message":"touch a location card","timestamp":"2015-09-07T10:07:58.014Z"}
{"location":"location15","level":"info","message":"touch a location card","timestamp":"2015-09-07T10:07:58.015Z"}
{"location":"location15","level":"info","message":"touch a location card","timestamp":"2015-09-07T10:07:58.016Z"}
{"location":"location15","level":"info","message":"touch a location card","timestamp":"2015-09-07T10:07:58.016Z"}
{"location":"location15","level":"info","message":"touch a location card","timestamp":"2015-09-07T10:07:58.016Z"}
{"location":"location15","level":"info","message":"touch a location card","timestamp":"2015-09-07T10:07:58.017Z"}
{"location":"location15","level":"info","message":"touch a location card","timestamp":"2015-09-07T10:07:58.017Z"}
{"location":"location15","level":"info","message":"touch a location card","timestamp":"2015-09-07T10:07:58.017Z"}
{"location":"location15","level":"info","message":"touch a location card","timestamp":"2015-09-07T10:07:58.017Z"}
{"location":"location15","level":"info","message":"touch a location card","timestamp":"2015-09-07T10:07:58.018Z"}
{"location":"location15","level":"info","message":"touch a location card","timestamp":"2015-09-07T10:07:58.018Z"}
{"location":15,"player":1,"group":1,"level":"info","message":"choose the location","timestamp":"2015-09-07T10:08:00.692Z"}
{"location":15,"player":1,"group":1,"level":"info","message":"choose the location","timestamp":"2015-09-07T10:08:14.290Z"}
{"location":15,"player":1,"group":1,"level":"info","message":"choose the location","timestamp":"2015-09-07T10:08:14.704Z"}
{"level":"info","message":"Experiment Starts!!!!","timestamp":"2015-09-07T10:08:27.451Z"}
{"location":22,"player":1,"group":1,"level":"info","message":"choose the location","timestamp":"2015-09-07T10:08:29.189Z"}
{"button":"card","cardBtn":true,"heartBtn":false,"hotelsBtn":false,"attractionBtn":false,"level":"info","message":"filtrate location","timestamp":"2015-09-07T10:09:01.684Z"}
{"button":"attractions","cardBtn":true,"heartBtn":false,"hotelsBtn":false,"attractionBtn":true,"level":"info","message":"filtrate location","timestamp":"2015-09-07T10:09:05.678Z"}
{"location":13,"player":1,"group":1,"level":"info","message":"choose the location","timestamp":"2015-09-07T10:09:08.685Z"}
{"level":"info","message":"Experiment Starts!!!!","timestamp":"2015-09-07T10:09:45.721Z"}
{"location":14,"player":2,"group":1,"level":"info","message":"choose the location","timestamp":"2015-09-07T10:09:48.852Z"}
{"location":14,"player":2,"group":1,"level":"info","message":"choose the location","timestamp":"2015-09-07T10:10:22.713Z"}
{"button":"card","cardBtn":true,"heartBtn":false,"hotelsBtn":false,"attractionBtn":false,"level":"info","message":"filtrate location","timestamp":"2015-09-07T10:11:10.484Z"}
{"button":"attractions","cardBtn":true,"heartBtn":false,"hotelsBtn":false,"attractionBtn":true,"level":"info","message":"filtrate location","timestamp":"2015-09-07T10:11:12.019Z"}
{"button":"card","cardBtn":false,"heartBtn":false,"hotelsBtn":false,"attractionBtn":true,"level":"info","message":"filtrate location","timestamp":"2015-09-07T10:11:13.735Z"}
{"location":12,"player":1,"group":1,"level":"info","message":"choose the location","timestamp":"2015-09-07T10:11:16.232Z"}
{"location":12,"player":1,"group":1,"level":"info","message":"choose the location","timestamp":"2015-09-07T10:11:41.330Z"}
{"button":"hotels","cardBtn":false,"heartBtn":false,"hotelsBtn":true,"attractionBtn":true,"level":"info","message":"filtrate location","timestamp":"2015-09-07T10:11:43.628Z"}
{"location":20,"player":1,"group":1,"level":"info","message":"choose the location","timestamp":"2015-09-07T10:11:49.319Z"}
{"location":4,"player":1,"group":1,"level":"info","message":"choose the location","timestamp":"2015-09-07T10:11:57.734Z"}
{"location":4,"player":1,"group":1,"level":"info","message":"choose the location","timestamp":"2015-09-07T10:12:01.710Z"}
{"location":7,"player":1,"group":1,"level":"info","message":"choose the location","timestamp":"2015-09-07T10:12:14.745Z"}
{"location":6,"player":1,"group":1,"level":"info","message":"choose the location","timestamp":"2015-09-07T10:12:22.126Z"}
{"location":6,"player":2,"group":1,"level":"info","message":"choose the location","timestamp":"2015-09-07T10:14:40.250Z"}
{"location":7,"player":2,"group":1,"level":"info","message":"choose the location","timestamp":"2015-09-07T10:15:03.639Z"}
{"location":7,"player":2,"group":1,"level":"info","message":"choose the location","timestamp":"2015-09-07T10:15:24.472Z"}
{"location":6,"player":2,"group":1,"level":"info","message":"choose the location","timestamp":"2015-09-07T10:15:35.964Z"}
{"location":13,"player":1,"group":1,"level":"info","message":"choose the location","timestamp":"2015-09-07T10:15:41.188Z"}
{"location":13,"player":2,"group":1,"level":"info","message":"choose the location","timestamp":"2015-09-07T10:15:41.961Z"}
{"location":14,"player":2,"group":1,"level":"info","message":"choose the location","timestamp":"2015-09-07T10:15:50.823Z"}
{"location":14,"player":3,"group":1,"level":"info","message":"choose the location","timestamp":"2015-09-07T10:21:37.524Z"}
{"button":"heart","cardBtn":false,"heartBtn":true,"hotelsBtn":true,"attractionBtn":true,"level":"info","message":"filtrate location","timestamp":"2015-09-07T10:21:44.862Z"}
{"location":14,"group":1,"player":3,"value":true,"level":"info","message":"vote for location","timestamp":"2015-09-07T10:21:49.832Z"}
{"location":14,"group":1,"player":3,"value":false,"level":"info","message":"vote for location","timestamp":"2015-09-07T10:21:53.451Z"}
{"location":14,"group":1,"player":3,"value":true,"level":"info","message":"vote for location","timestamp":"2015-09-07T10:21:54.535Z"}
{"location":14,"group":1,"player":3,"value":false,"level":"info","message":"vote for location","timestamp":"2015-09-07T10:21:56.069Z"}
